<?xml version="1.0" encoding="UTF-8"?>
<testng-results ignored="0" total="2" passed="2" failed="0" skipped="0">
  <reporter-output>
  </reporter-output>
  <suite started-at="2024-01-03T06:44:08Z" name="Suite" finished-at="2024-01-03T06:44:20Z" duration-ms="12302">
    <groups>
    </groups>
    <test started-at="2024-01-03T06:44:08Z" name="Test" finished-at="2024-01-03T06:44:20Z" duration-ms="12302">
      <class name="com.md.tests.OrangeHRMTests">
        <test-method is-config="true" signature="setUp([Ljava.lang.Object;)[pri:0, instance:com.md.tests.OrangeHRMTests@27216cd]" started-at="2024-01-03T06:44:09Z" name="setUp" finished-at="2024-01-03T06:44:16Z" duration-ms="7326" status="PASS">
          <params>
            <param index="0">
              <value>
                <![CDATA[[Ljava.lang.Object;@367d2816]]>
              </value>
            </param>
          </params>
          <reporter-output>
          </reporter-output>
        </test-method> <!-- setUp -->
        <test-method is-config="true" signature="setUp([Ljava.lang.Object;)[pri:0, instance:com.md.tests.OrangeHRMTests@27216cd]" started-at="2024-01-03T06:44:09Z" name="setUp" finished-at="2024-01-03T06:44:16Z" duration-ms="7280" status="PASS">
          <params>
            <param index="0">
              <value>
                <![CDATA[[Ljava.lang.Object;@68fe48d7]]>
              </value>
            </param>
          </params>
          <reporter-output>
          </reporter-output>
        </test-method> <!-- setUp -->
        <test-method signature="loginLogoutTest(java.util.Map)[pri:0, instance:com.md.tests.OrangeHRMTests@27216cd]" started-at="2024-01-03T06:44:16Z" name="loginLogoutTest" description="To check whether user can successfully login and logout" finished-at="2024-01-03T06:44:20Z" duration-ms="4113" status="PASS">
          <params>
            <param index="0">
              <value>
                <![CDATA[{password=YWRtaW4xMjM=, mainmenu=, submenu=, browser=chrome, testname=loginLogoutTest, execute=yes, version=120.0, username=Admin}]]>
              </value>
            </param>
          </params>
          <reporter-output>
          </reporter-output>
        </test-method> <!-- loginLogoutTest -->
        <test-method signature="newTest(java.util.Map)[pri:0, instance:com.md.tests.OrangeHRMTests@27216cd]" started-at="2024-01-03T06:44:16Z" name="newTest" description="To check whether user can successfully login and logout" finished-at="2024-01-03T06:44:20Z" duration-ms="4067" status="PASS">
          <params>
            <param index="0">
              <value>
                <![CDATA[{password=YWRtaW4xMjM=, mainmenu=, submenu=, browser=chrome, testname=newTest, execute=yes, version=120.0, username=Admin}]]>
              </value>
            </param>
          </params>
          <reporter-output>
          </reporter-output>
        </test-method> <!-- newTest -->
        <test-method is-config="true" signature="tearDown()[pri:0, instance:com.md.tests.OrangeHRMTests@27216cd]" started-at="2024-01-03T06:44:20Z" name="tearDown" finished-at="2024-01-03T06:44:20Z" duration-ms="211" status="PASS">
          <reporter-output>
          </reporter-output>
        </test-method> <!-- tearDown -->
        <test-method is-config="true" signature="tearDown()[pri:0, instance:com.md.tests.OrangeHRMTests@27216cd]" started-at="2024-01-03T06:44:20Z" name="tearDown" finished-at="2024-01-03T06:44:20Z" duration-ms="227" status="PASS">
          <reporter-output>
          </reporter-output>
        </test-method> <!-- tearDown -->
      </class> <!-- com.md.tests.OrangeHRMTests -->
    </test> <!-- Test -->
  </suite> <!-- Suite -->
</testng-results>
