<?xml version="1.0" encoding="UTF-8"?>
<!-- Generated by org.testng.reporters.JUnitReportReporter -->
<testsuite hostname="MDEEVI-WIN10" failures="0" tests="3" name="com.tmb.dataprovider.DataProviderTest" time="0.008" errors="0" timestamp="2021-12-26T21:08:29 IST" skipped="0">
  <testcase classname="com.tmb.dataprovider.DataProviderTest" name="test" time="0.001"/>
  <system-out/>
  <testcase classname="com.tmb.dataprovider.DataProviderTest" name="test" time="0.001"/>
  <system-out/>
  <testcase classname="com.tmb.dataprovider.DataProviderTest" name="test" time="0.006"/>
  <system-out/>
</testsuite> <!-- com.tmb.dataprovider.DataProviderTest -->
