<?xml version="1.0" encoding="UTF-8"?>
<!-- Generated by org.testng.reporters.JUnitReportReporter -->
<testsuite hostname="MDEEVI-WIN10" failures="0" tests="2" name="org.tmb.tests.LoginpageTests" time="48.053" errors="0" timestamp="2021-12-20T17:56:56 IST" skipped="0">
  <testcase classname="org.tmb.tests.LoginpageTests" name="test2" time="24.417"/>
  <system-out/>
  <testcase classname="org.tmb.tests.LoginpageTests" name="test1" time="23.636"/>
  <system-out/>
</testsuite> <!-- org.tmb.tests.LoginpageTests -->
